<?xml version="1.0" encoding="UTF-8"?>
<!-- Generated by org.testng.reporters.JUnitReportReporter -->
<testsuite hostname="ranto-HP-Laptop-14-cm0xxx" failures="0" tests="1" name="com.tutorialsninja.test.HomePageTest" time="1.656" errors="0" timestamp="2022-10-26T21:35:25 WIB" skipped="0">
  <testcase classname="com.tutorialsninja.test.HomePageTest" name="LogintestWithValidCredetial" time="1.656"/>
  <system-out/>
</testsuite> <!-- com.tutorialsninja.test.HomePageTest -->
