<?xml version="1.0" encoding="UTF-8"?>
<!-- Generated by org.testng.reporters.JUnitReportReporter -->
<testsuite hostname="ranto-HP-Laptop-14-cm0xxx" failures="0" tests="5" name="com.tutorialsninja.test.HomePageTest" time="4.858" errors="0" timestamp="2022-11-06T20:25:55 WIB" skipped="0">
  <testcase classname="com.tutorialsninja.test.HomePageTest" name="test2" time="0.004"/>
  <system-out/>
  <testcase classname="com.tutorialsninja.test.HomePageTest" name="test3" time="0.003"/>
  <system-out/>
  <testcase classname="com.tutorialsninja.test.HomePageTest" name="test1" time="0.033"/>
  <system-out/>
  <testcase classname="com.tutorialsninja.test.HomePageTest" name="verifyLoginForm" time="3.193"/>
  <system-out/>
  <testcase classname="com.tutorialsninja.test.HomePageTest" name="LogintestWithValidCredetial" time="1.625"/>
  <system-out/>
</testsuite> <!-- com.tutorialsninja.test.HomePageTest -->
